XDG_VTNR=8
ORBIT_SOCKETDIR=/tmp/orbit-dinesh121991
XDG_SESSION_ID=c4
SSH_AGENT_PID=2915
XDG_GREETER_DATA_DIR=/var/lib/lightdm-data/dinesh121991
SELINUX_INIT=YES
TERMINATOR_UUID=urn:uuid:d21c9a30-fc05-4c84-a92f-91218db716ff
CLUTTER_IM_MODULE=xim
SESSION=ubuntu
GIO_LAUNCHED_DESKTOP_FILE_PID=3415
GPG_AGENT_INFO=/run/user/1000/keyring-LbPeJg/gpg:0:1
SHELL=/bin/bash
XDG_MENU_PREFIX=gnome-
TERM=xterm
SSH_AGENT_LAUNCHER=upstart
WINDOWID=58720260
GNOME_KEYRING_CONTROL=/run/user/1000/keyring-LbPeJg
UPSTART_SESSION=unix:abstract=/com/ubuntu/upstart-session/1000/2847
GTK_MODULES=overlay-scrollbar:unity-gtk-module
USER=dinesh121991
LS_COLORS=rs=0:di=01;34:ln=01;36:mh=00:pi=40;33:so=01;35:do=01;35:bd=40;33;01:cd=40;33;01:or=40;31;01:su=37;41:sg=30;43:ca=30;41:tw=30;42:ow=34;42:st=37;44:ex=01;32:*.tar=01;31:*.tgz=01;31:*.arj=01;31:*.taz=01;31:*.lzh=01;31:*.lzma=01;31:*.tlz=01;31:*.txz=01;31:*.zip=01;31:*.z=01;31:*.Z=01;31:*.dz=01;31:*.gz=01;31:*.lz=01;31:*.xz=01;31:*.bz2=01;31:*.bz=01;31:*.tbz=01;31:*.tbz2=01;31:*.tz=01;31:*.deb=01;31:*.rpm=01;31:*.jar=01;31:*.war=01;31:*.ear=01;31:*.sar=01;31:*.rar=01;31:*.ace=01;31:*.zoo=01;31:*.cpio=01;31:*.7z=01;31:*.rz=01;31:*.jpg=01;35:*.jpeg=01;35:*.gif=01;35:*.bmp=01;35:*.pbm=01;35:*.pgm=01;35:*.ppm=01;35:*.tga=01;35:*.xbm=01;35:*.xpm=01;35:*.tif=01;35:*.tiff=01;35:*.png=01;35:*.svg=01;35:*.svgz=01;35:*.mng=01;35:*.pcx=01;35:*.mov=01;35:*.mpg=01;35:*.mpeg=01;35:*.m2v=01;35:*.mkv=01;35:*.webm=01;35:*.ogm=01;35:*.mp4=01;35:*.m4v=01;35:*.mp4v=01;35:*.vob=01;35:*.qt=01;35:*.nuv=01;35:*.wmv=01;35:*.asf=01;35:*.rm=01;35:*.rmvb=01;35:*.flc=01;35:*.avi=01;35:*.fli=01;35:*.flv=01;35:*.gl=01;35:*.dl=01;35:*.xcf=01;35:*.xwd=01;35:*.yuv=01;35:*.cgm=01;35:*.emf=01;35:*.axv=01;35:*.anx=01;35:*.ogv=01;35:*.ogx=01;35:*.aac=00;36:*.au=00;36:*.flac=00;36:*.mid=00;36:*.midi=00;36:*.mka=00;36:*.mp3=00;36:*.mpc=00;36:*.ogg=00;36:*.ra=00;36:*.wav=00;36:*.axa=00;36:*.oga=00;36:*.spx=00;36:*.xspf=00;36:
XDG_SESSION_PATH=/org/freedesktop/DisplayManager/Session1
XDG_SEAT_PATH=/org/freedesktop/DisplayManager/Seat0
SSH_AUTH_SOCK=/run/user/1000/keyring-LbPeJg/ssh
bar=bar exported
DEFAULTS_PATH=/usr/share/gconf/ubuntu.default.path
SESSION_MANAGER=local/dinesh121991-Inspiron-N5010:@/tmp/.ICE-unix/3004,unix/dinesh121991-Inspiron-N5010:/tmp/.ICE-unix/3004
GIO_LAUNCHED_DESKTOP_FILE=/usr/share/applications/terminator.desktop
XDG_CONFIG_DIRS=/etc/xdg/xdg-ubuntu:/usr/share/upstart/xdg:/etc/xdg
DESKTOP_SESSION=ubuntu
PATH=/usr/local/sbin:/usr/local/bin:/usr/sbin:/usr/bin:/sbin:/bin:/usr/games:/usr/local/games
QT_QPA_PLATFORMTHEME=appmenu-qt5
PWD=/home/dinesh121991/Learnin/Bash
JOB=dbus
XMODIFIERS=@im=ibus
LANG=en_IN
GNOME_KEYRING_PID=2845
MANDATORY_PATH=/usr/share/gconf/ubuntu.mandatory.path
GDM_LANG=en_US
COMPIZ_CONFIG_PROFILE=ubuntu
IM_CONFIG_PHASE=1
UBUNTU_MENUPROXY=1
GDMSESSION=ubuntu
SESSIONTYPE=gnome-session
HOME=/home/dinesh121991
XDG_SEAT=seat0
SHLVL=2
LANGUAGE=en_IN:en
GNOME_DESKTOP_SESSION_ID=this-is-deprecated
LOGNAME=dinesh121991
COMPIZ_BIN_PATH=/usr/bin/
DBUS_SESSION_BUS_ADDRESS=unix:abstract=/tmp/dbus-EWYJQW1cYL
XDG_DATA_DIRS=/usr/share/ubuntu:/usr/share/gnome:/usr/local/share/:/usr/share/
QT4_IM_MODULE=xim
LESSOPEN=| /usr/bin/lesspipe %s
TEXTDOMAIN=im-config
INSTANCE=
DISPLAY=:1
XDG_RUNTIME_DIR=/run/user/1000
GTK_IM_MODULE=ibus
XDG_CURRENT_DESKTOP=Unity
LESSCLOSE=/usr/bin/lesspipe %s %s
TEXTDOMAINDIR=/usr/share/locale/
XAUTHORITY=/home/dinesh121991/.Xauthority
COLORTERM=gnome-terminal
_=/usr/bin/env

bar exported
